<?xml version="1.0" encoding="UTF-8"?>
<testsuite xmlns:xsi="http://www.w3.org/2001/XMLSchema-instance" xsi:noNamespaceSchemaLocation="https://maven.apache.org/surefire/maven-surefire-plugin/xsd/surefire-test-report-3.0.xsd" version="3.0" name="email.EmailTest" time="2.056" tests="1" errors="0" skipped="0" failures="0">
  <properties>
[...]
</properties>
  <testcase name="emailTest" classname="email.EmailTest" time="2.045">
    <system-out><![CDATA[Properties file loaded for database connection...
connection successful!
Properties file loaded for email server connection...
Email sent successfully!
]]></system-out>
  </testcase>
</testsuite>